{
  "stats": {
    "suites": 1,
    "tests": 2,
    "passes": 2,
    "pending": 0,
    "failures": 0,
    "start": "2021-10-26T22:55:28.069Z",
    "end": "2021-10-26T22:55:30.869Z",
    "duration": 2800,
    "testsRegistered": 2,
    "passPercent": 100,
    "pendingPercent": 0,
    "other": 0,
    "hasOther": false,
    "skipped": 0,
    "hasSkipped": false
  },
  "results": [
    {
      "uuid": "5e92995c-173c-4c7d-b8a6-80f187f90818",
      "title": "",
      "fullFile": "cypress/integration/listage.spec.js",
      "file": "cypress/integration/listage.spec.js",
      "beforeHooks": [],
      "afterHooks": [],
      "tests": [],
      "suites": [
        {
          "uuid": "3ed080c3-e7e5-44bf-a148-7cfccef60578",
          "title": "Listagem",
          "fullFile": "",
          "file": "",
          "beforeHooks": [],
          "afterHooks": [],
          "tests": [
            {
              "title": "quando não houver cadastros, então a listagem deve estar vazia",
              "fullTitle": "Listagem quando não houver cadastros, então a listagem deve estar vazia",
              "timedOut": null,
              "duration": 866,
              "state": "passed",
              "speed": "fast",
              "pass": true,
              "fail": false,
              "pending": false,
              "context": null,
              "code": "cy.fixture('listagem-vazia').then(data => {\n  window.localStorage.setItem('data', JSON.stringify(data));\n});\ncy.visit(\"http://form-agilizei.netlify.app/listagem.html\");\ncy.get('table tbody tr').should('have.length', 0);",
              "err": {},
              "uuid": "83cf4807-95a3-427f-a2e4-087b44f7866a",
              "parentUUID": "3ed080c3-e7e5-44bf-a148-7cfccef60578",
              "isHook": false,
              "skipped": false
            },
            {
              "title": "Quando houver um ou mais cadfastros, então a listagem deve exibir cada registro",
              "fullTitle": "Listagem Quando houver um ou mais cadfastros, então a listagem deve exibir cada registro",
              "timedOut": null,
              "duration": 514,
              "state": "passed",
              "speed": "fast",
              "pass": true,
              "fail": false,
              "pending": false,
              "context": null,
              "code": "cy.fixture('listagem-com-itens').then(data => {\n  window.localStorage.setItem('data', JSON.stringify(data));\n});\ncy.visit(\"http://form-agilizei.netlify.app/listagem.html\");\ncy.get('table tbody tr').should('have.length', 2);",
              "err": {},
              "uuid": "ec2452be-9bad-41f9-849b-e22d691241f5",
              "parentUUID": "3ed080c3-e7e5-44bf-a148-7cfccef60578",
              "isHook": false,
              "skipped": false
            }
          ],
          "suites": [],
          "passes": [
            "83cf4807-95a3-427f-a2e4-087b44f7866a",
            "ec2452be-9bad-41f9-849b-e22d691241f5"
          ],
          "failures": [],
          "pending": [],
          "skipped": [],
          "duration": 1380,
          "root": false,
          "rootEmpty": false,
          "_timeout": 2000
        }
      ],
      "passes": [],
      "failures": [],
      "pending": [],
      "skipped": [],
      "duration": 0,
      "root": true,
      "rootEmpty": true,
      "_timeout": 2000
    }
  ],
  "meta": {
    "mocha": {
      "version": "7.0.1"
    },
    "mochawesome": {
      "options": {
        "quiet": true,
        "reportFilename": "mochawesome",
        "saveHtml": false,
        "saveJson": true,
        "consoleReporter": "spec",
        "useInlineDiffs": false,
        "code": true
      },
      "version": "6.3.1"
    },
    "marge": {
      "options": {
        "id": "default",
        "reportDir": "mochawesome-report",
        "quiet": true,
        "overwrite": false,
        "html": false,
        "json": true
      },
      "version": "5.2.0"
    }
  }
}