{
  "stats": {
    "suites": 1,
    "tests": 2,
    "passes": 2,
    "pending": 0,
    "failures": 0,
    "start": "2021-10-27T01:10:25.379Z",
    "end": "2021-10-27T01:10:29.189Z",
    "duration": 3810,
    "testsRegistered": 2,
    "passPercent": 100,
    "pendingPercent": 0,
    "other": 0,
    "hasOther": false,
    "skipped": 0,
    "hasSkipped": false
  },
  "results": [
    {
      "uuid": "a69bcaff-4afa-43d0-b2e6-5244af60e1fc",
      "title": "",
      "fullFile": "cypress/integration/listage.spec.js",
      "file": "cypress/integration/listage.spec.js",
      "beforeHooks": [],
      "afterHooks": [],
      "tests": [],
      "suites": [
        {
          "uuid": "51d85289-edc6-40f8-a35f-6fcf0a080b9d",
          "title": "Listagem",
          "fullFile": "",
          "file": "",
          "beforeHooks": [],
          "afterHooks": [],
          "tests": [
            {
              "title": "quando não houver cadastros, então a listagem deve estar vazia",
              "fullTitle": "Listagem quando não houver cadastros, então a listagem deve estar vazia",
              "timedOut": null,
              "duration": 1204,
              "state": "passed",
              "speed": "fast",
              "pass": true,
              "fail": false,
              "pending": false,
              "context": null,
              "code": "cy.fixture('listagem-vazia').then(data => {\n  window.localStorage.setItem('data', JSON.stringify(data));\n});\ncy.visit(\"http://form-agilizei.netlify.app/listagem.html\");\ncy.get('table tbody tr').should('have.length', 0);",
              "err": {},
              "uuid": "295a7d5e-77c9-4611-ba10-de2a8e8fc91a",
              "parentUUID": "51d85289-edc6-40f8-a35f-6fcf0a080b9d",
              "isHook": false,
              "skipped": false
            },
            {
              "title": "Quando houver um ou mais cadfastros, então a listagem deve exibir cada registro",
              "fullTitle": "Listagem Quando houver um ou mais cadfastros, então a listagem deve exibir cada registro",
              "timedOut": null,
              "duration": 599,
              "state": "passed",
              "speed": "fast",
              "pass": true,
              "fail": false,
              "pending": false,
              "context": null,
              "code": "cy.fixture('listagem-com-itens').then(data => {\n  window.localStorage.setItem('data', JSON.stringify(data));\n});\ncy.visit(\"http://form-agilizei.netlify.app/listagem.html\");\ncy.get('table tbody tr').should('have.length', 2);",
              "err": {},
              "uuid": "aca8fbc0-0a66-4a87-bd30-d31c33bb7c90",
              "parentUUID": "51d85289-edc6-40f8-a35f-6fcf0a080b9d",
              "isHook": false,
              "skipped": false
            }
          ],
          "suites": [],
          "passes": [
            "295a7d5e-77c9-4611-ba10-de2a8e8fc91a",
            "aca8fbc0-0a66-4a87-bd30-d31c33bb7c90"
          ],
          "failures": [],
          "pending": [],
          "skipped": [],
          "duration": 1803,
          "root": false,
          "rootEmpty": false,
          "_timeout": 2000
        }
      ],
      "passes": [],
      "failures": [],
      "pending": [],
      "skipped": [],
      "duration": 0,
      "root": true,
      "rootEmpty": true,
      "_timeout": 2000
    }
  ],
  "meta": {
    "mocha": {
      "version": "7.0.1"
    },
    "mochawesome": {
      "options": {
        "quiet": true,
        "reportFilename": "mochawesome",
        "saveHtml": false,
        "saveJson": true,
        "consoleReporter": "spec",
        "useInlineDiffs": false,
        "code": true
      },
      "version": "6.3.1"
    },
    "marge": {
      "options": {
        "id": "default",
        "reportDir": "mochawesome-report",
        "quiet": true,
        "overwrite": false,
        "html": false,
        "json": true
      },
      "version": "5.2.0"
    }
  }
}